{"name": "Проверка закрытия окна информации о заказе при нажатии на кнопку 'Отменить'", "status": "skipped", "statusDetails": {"message": "XFAIL Баг - Кнопка 'Отменить' не закрывает окно деталей поездки\n\nselenium.common.exceptions.TimeoutException: Message:", "trace": "self = <tests.test_order_info_page.TestOrderInfoPage object at 0x106837100>, finish_order = <pages.order_info_page.OrderInfoPage object at 0x106953c40>\n\n    @allure.title(\"Проверка закрытия окна информации о заказе при нажатии на кнопку 'Отменить'\")\n    @pytest.mark.xfail(reason=\"Баг - Кнопка 'Отменить' не закрывает окно деталей поездки\")\n    def test_cancel_button_closes_order_info_page(self, finish_order):\n        price, finish_order = finish_order\n        finish_order.click_to_order_info_cancel_button()\n>       assert finish_order.check_invisibility_of_order_info_block(), \"Окно информации о заказе отображается при нажатии на кнопку 'Отменить'\"\n\ntests/test_order_info_page.py:29: \n_ _ _ _ _ _ _ _ _ _ _ _ _ _ _ _ _ _ _ _ _ _ _ _ _ _ _ _ _ _ _ _ _ _ _ _ _ _ _ _ _ _ _ _ _ _ _ _ _ _ _ _ _ _ _ _ _ _ _ _ _ _ _ _ _ _ _ _ _ _ _ _ _ _ _ _ _ _ _ _ _ _ _ _ _ _ _ _ _ _ _ _ _ _ _ _ _ _ _ _ _ _ _ _ _ _\npages/order_info_page.py:84: in check_invisibility_of_order_info_block\n    return self.wait_until_element_is_invisible(OrderInfoPageLocators.ORDER_WINDOW)\npages/base_page.py:38: in wait_until_element_is_invisible\n    return WebDriverWait(self.driver, 60).until(expected_conditions.invisibility_of_element_located(locator))\n_ _ _ _ _ _ _ _ _ _ _ _ _ _ _ _ _ _ _ _ _ _ _ _ _ _ _ _ _ _ _ _ _ _ _ _ _ _ _ _ _ _ _ _ _ _ _ _ _ _ _ _ _ _ _ _ _ _ _ _ _ _ _ _ _ _ _ _ _ _ _ _ _ _ _ _ _ _ _ _ _ _ _ _ _ _ _ _ _ _ _ _ _ _ _ _ _ _ _ _ _ _ _ _ _ _\n\nself = <selenium.webdriver.support.wait.WebDriverWait (session=\"019ddcd1186b9f823a350d1a8bd04655\")>, method = <function invisibility_of_element_located.<locals>._predicate at 0x106993f70>, message = ''\n\n    def until(self, method: Callable[[D], Union[Literal[False], T]], message: str = \"\") -> T:\n        \"\"\"Wait until the method returns a value that is not False.\n    \n        Calls the method provided with the driver as an argument until the\n        return value does not evaluate to ``False``.\n    \n        Parameters:\n        -----------\n        method: callable(WebDriver)\n            - A callable object that takes a WebDriver instance as an argument.\n    \n        message: str\n            - Optional message for :exc:`TimeoutException`\n    \n        Return:\n        -------\n        object: T\n            - The result of the last call to `method`\n    \n        Raises:\n        -------\n        TimeoutException\n            - If 'method' does not return a truthy value within the WebDriverWait\n            object's timeout\n    \n        Example:\n        --------\n        >>> from selenium.webdriver.common.by import By\n        >>> from selenium.webdriver.support.ui import WebDriverWait\n        >>> from selenium.webdriver.support import expected_conditions as EC\n    \n        # Wait until an element is visible on the page\n        >>> wait = WebDriverWait(driver, 10)\n        >>> element = wait.until(EC.visibility_of_element_located((By.ID, \"exampleId\")))\n        >>> print(element.text)\n        \"\"\"\n        screen = None\n        stacktrace = None\n    \n        end_time = time.monotonic() + self._timeout\n        while True:\n            try:\n                value = method(self._driver)\n                if value:\n                    return value\n            except self._ignored_exceptions as exc:\n                screen = getattr(exc, \"screen\", None)\n                stacktrace = getattr(exc, \"stacktrace\", None)\n            if time.monotonic() > end_time:\n                break\n            time.sleep(self._poll)\n>       raise TimeoutException(message, screen, stacktrace)\nE       selenium.common.exceptions.TimeoutException: Message:\n\n../../../Library/Python/3.9/lib/python/site-packages/selenium/webdriver/support/wait.py:138: TimeoutException"}, "steps": [{"name": "<UNK> <UNK> <UNK> <UNK> <UNK>", "status": "passed", "start": 1761220042288, "stop": 1761220042350}, {"name": "<UNK> <UNK> <UNK> <UNK> <UNK>", "status": "broken", "statusDetails": {"message": "selenium.common.exceptions.TimeoutException: Message: \n\n", "trace": "  File \"/Users/apple/Library/Python/3.9/lib/python/site-packages/allure_commons/_allure.py\", line 202, in impl\n    return func(*a, **kw)\n  File \"/Users/apple/Documents/Яндекс/Sprint_10/pages/order_info_page.py\", line 84, in check_invisibility_of_order_info_block\n    return self.wait_until_element_is_invisible(OrderInfoPageLocators.ORDER_WINDOW)\n  File \"/Users/apple/Documents/Яндекс/Sprint_10/pages/base_page.py\", line 38, in wait_until_element_is_invisible\n    return WebDriverWait(self.driver, 60).until(expected_conditions.invisibility_of_element_located(locator))\n  File \"/Users/apple/Library/Python/3.9/lib/python/site-packages/selenium/webdriver/support/wait.py\", line 138, in until\n    raise TimeoutException(message, screen, stacktrace)\n"}, "start": 1761220042351, "stop": 1761220102354}], "start": 1761220042288, "stop": 1761220102365, "uuid": "c60374f5-a87b-4a1b-b54e-e8c10f5d7a8e", "historyId": "a869f3bb07f9830ab461ccb9244082cc", "testCaseId": "a869f3bb07f9830ab461ccb9244082cc", "fullName": "tests.test_order_info_page.TestOrderInfoPage#test_cancel_button_closes_order_info_page", "labels": [{"name": "parentSuite", "value": "tests"}, {"name": "suite", "value": "test_order_info_page"}, {"name": "subSuite", "value": "TestOrderInfoPage"}, {"name": "host", "value": "MacBook-Pro-Apple.local"}, {"name": "thread", "value": "22755-MainThread"}, {"name": "framework", "value": "pytest"}, {"name": "language", "value": "cpython3"}, {"name": "package", "value": "tests.test_order_info_page"}]}